<?xml version="1.0" encoding="UTF-8"?>
<!-- Generated by org.testng.reporters.JUnitXMLReporter -->
<testsuite ignored="0" hostname="DESKTOP-L34753V" failures="0" tests="19" name="Test4" time="5.72" errors="0" timestamp="2024-10-17T10:29:10 IST">
  <testcase classname="tests.TemplateTest" name="@BeforeTest setup" time="5.301">
    <failure type="org.openqa.selenium.NoSuchWindowException" message="no such window: target window already closed
from unknown error: web view not found
  (Session info: chrome=129.0.6668.101)
Build info: version: &amp;apos;4.24.0&amp;apos;, revision: &amp;apos;748ffc9bc3&amp;apos;
System info: os.name: &amp;apos;Windows 10&amp;apos;, os.arch: &amp;apos;amd64&amp;apos;, os.version: &amp;apos;10.0&amp;apos;, java.version: &amp;apos;22.0.1&amp;apos;
Driver info: org.openqa.selenium.chrome.ChromeDriver
Command: [bea3b210da02ac8adcc028878329d6cb, maximizeCurrentWindow {}]
Capabilities {acceptInsecureCerts: false, browserName: chrome, browserVersion: 129.0.6668.101, chrome: {chromedriverVersion: 129.0.6668.100 (cf58cba358d..., userDataDir: C:\Users\Asus\AppData\Local...}, fedcm:accounts: true, goog:chromeOptions: {debuggerAddress: localhost:51878}, networkConnectionEnabled: false, pageLoadStrategy: normal, platformName: windows, proxy: Proxy(), se:cdp: ws://localhost:51878/devtoo..., se:cdpVersion: 129.0.6668.101, setWindowRect: true, strictFileInteractability: false, timeouts: {implicit: 0, pageLoad: 300000, script: 30000}, unhandledPromptBehavior: dismiss and notify, webauthn:extension:credBlob: true, webauthn:extension:largeBlob: true, webauthn:extension:minPinLength: true, webauthn:extension:prf: true, webauthn:virtualAuthenticators: true}
Session ID: bea3b210da02ac8adcc028878329d6cb">
      <![CDATA[org.openqa.selenium.NoSuchWindowException: no such window: target window already closed
from unknown error: web view not found
  (Session info: chrome=129.0.6668.101)
Build info: version: '4.24.0', revision: '748ffc9bc3'
System info: os.name: 'Windows 10', os.arch: 'amd64', os.version: '10.0', java.version: '22.0.1'
Driver info: org.openqa.selenium.chrome.ChromeDriver
Command: [bea3b210da02ac8adcc028878329d6cb, maximizeCurrentWindow {}]
Capabilities {acceptInsecureCerts: false, browserName: chrome, browserVersion: 129.0.6668.101, chrome: {chromedriverVersion: 129.0.6668.100 (cf58cba358d..., userDataDir: C:\Users\Asus\AppData\Local...}, fedcm:accounts: true, goog:chromeOptions: {debuggerAddress: localhost:51878}, networkConnectionEnabled: false, pageLoadStrategy: normal, platformName: windows, proxy: Proxy(), se:cdp: ws://localhost:51878/devtoo..., se:cdpVersion: 129.0.6668.101, setWindowRect: true, strictFileInteractability: false, timeouts: {implicit: 0, pageLoad: 300000, script: 30000}, unhandledPromptBehavior: dismiss and notify, webauthn:extension:credBlob: true, webauthn:extension:largeBlob: true, webauthn:extension:minPinLength: true, webauthn:extension:prf: true, webauthn:virtualAuthenticators: true}
Session ID: bea3b210da02ac8adcc028878329d6cb
at org.openqa.selenium.remote.ErrorCodec.decode(ErrorCodec.java:167)
at org.openqa.selenium.remote.codec.w3c.W3CHttpResponseCodec.decode(W3CHttpResponseCodec.java:138)
at org.openqa.selenium.remote.codec.w3c.W3CHttpResponseCodec.decode(W3CHttpResponseCodec.java:50)
at org.openqa.selenium.remote.HttpCommandExecutor.execute(HttpCommandExecutor.java:190)
at org.openqa.selenium.remote.service.DriverCommandExecutor.invokeExecute(DriverCommandExecutor.java:216)
at org.openqa.selenium.remote.service.DriverCommandExecutor.execute(DriverCommandExecutor.java:174)
at org.openqa.selenium.remote.RemoteWebDriver.execute(RemoteWebDriver.java:545)
at org.openqa.selenium.remote.RemoteWebDriver.execute(RemoteWebDriver.java:618)
at org.openqa.selenium.remote.RemoteWebDriver.execute(RemoteWebDriver.java:622)
at org.openqa.selenium.remote.RemoteWebDriver$RemoteWebDriverOptions$RemoteWindow.maximize(RemoteWebDriver.java:1061)
at tests.TemplateTest.setup(TemplateTest.java:19)
... Removed 25 stack frames]]>
    </failure>
  </testcase> <!-- @BeforeTest setup -->
  <testcase classname="tests.BaseTest" name="@AfterClass tearDown" time="-1.729141150865E9">
    <skipped/>
  </testcase> <!-- @AfterClass tearDown -->
  <testcase classname="tests.TemplateTest" name="testCGLogin" time="0.0">
    <skipped/>
  </testcase> <!-- testCGLogin -->
  <testcase classname="tests.TemplateTest" name="testShowInstitutes" time="0.0">
    <skipped/>
  </testcase> <!-- testShowInstitutes -->
  <testcase classname="tests.TemplateTest" name="testSelectInstitutes" time="0.0">
    <skipped/>
  </testcase> <!-- testSelectInstitutes -->
  <testcase classname="tests.TemplateTest" name="testClickIDCard" time="0.0">
    <skipped/>
  </testcase> <!-- testClickIDCard -->
  <testcase classname="tests.TemplateTest" name="templates" time="0.0">
    <skipped/>
  </testcase> <!-- templates -->
  <testcase classname="tests.TemplateTest" name="Clicktemplates" time="0.0">
    <skipped/>
  </testcase> <!-- Clicktemplates -->
  <testcase classname="tests.TemplateTest" name="view" time="0.0">
    <skipped/>
  </testcase> <!-- view -->
  <testcase classname="tests.TemplateTest" name="edit3" time="0.0">
    <skipped/>
  </testcase> <!-- edit3 -->
  <testcase classname="tests.TemplateTest" name="drop" time="0.0">
    <skipped/>
  </testcase> <!-- drop -->
  <testcase classname="tests.TemplateTest" name="Name" time="0.0">
    <skipped/>
  </testcase> <!-- Name -->
  <testcase classname="tests.TemplateTest" name="save" time="0.0">
    <skipped/>
  </testcase> <!-- save -->
  <testcase classname="tests.TemplateTest" name="edit5" time="0.0">
    <skipped/>
  </testcase> <!-- edit5 -->
  <testcase classname="tests.TemplateTest" name="upper" time="0.0">
    <skipped/>
  </testcase> <!-- upper -->
  <testcase classname="tests.TemplateTest" name="save2" time="0.0">
    <skipped/>
  </testcase> <!-- save2 -->
  <testcase classname="tests.TemplateTest" name="edit6" time="0.0">
    <skipped/>
  </testcase> <!-- edit6 -->
  <testcase classname="tests.TemplateTest" name="lower" time="0.0">
    <skipped/>
  </testcase> <!-- lower -->
  <testcase classname="tests.TemplateTest" name="save3" time="0.0">
    <skipped/>
  </testcase> <!-- save3 -->
  <testcase classname="tests.TemplateTest" name="printd" time="0.0">
    <skipped/>
  </testcase> <!-- printd -->
  <testcase classname="tests.TemplateTest" name="print" time="0.0">
    <skipped/>
  </testcase> <!-- print -->
</testsuite> <!-- Test4 -->
