<?xml version="1.0" encoding="UTF-8"?>
<!-- Generated by org.testng.reporters.JUnitReportReporter -->
<testsuite hostname="DESKTOP-L34753V" failures="0" tests="39" name="tests.AttendanceTest" time="30.918" errors="1" timestamp="2024-11-07T18:45:02 IST" skipped="38">
  <testcase classname="tests.AttendanceTest" name="CGlogin" time="0.000">
    <skipped/>
  </testcase> <!-- CGlogin -->
  <system-out/>
  <testcase classname="tests.AttendanceTest" name="ShowInstitute" time="0.000">
    <skipped/>
  </testcase> <!-- ShowInstitute -->
  <system-out/>
  <testcase classname="tests.AttendanceTest" name="setup" time="30.918">
    <error message="unknown error: net::ERR_NAME_NOT_RESOLVED
  (Session info: chrome=130.0.6723.92)
Build info: version: &#039;4.24.0&#039;, revision: &#039;748ffc9bc3&#039;
System info: os.name: &#039;Windows 10&#039;, os.arch: &#039;amd64&#039;, os.version: &#039;10.0&#039;, java.version: &#039;22.0.1&#039;
Driver info: org.openqa.selenium.chrome.ChromeDriver
Command: [4c1037af144d42967b495234201b205b, get {url=https://master.cleverground.com/#/login}]
Capabilities {acceptInsecureCerts: false, browserName: chrome, browserVersion: 130.0.6723.92, chrome: {chromedriverVersion: 130.0.6723.116 (6ac35f94ae3..., userDataDir: C:\Users\Asus\AppData\Local...}, fedcm:accounts: true, goog:chromeOptions: {debuggerAddress: localhost:51663}, networkConnectionEnabled: false, pageLoadStrategy: normal, platformName: windows, proxy: Proxy(), se:cdp: ws://localhost:51663/devtoo..., se:cdpVersion: 130.0.6723.92, setWindowRect: true, strictFileInteractability: false, timeouts: {implicit: 0, pageLoad: 300000, script: 30000}, unhandledPromptBehavior: dismiss and notify, webauthn:extension:credBlob: true, webauthn:extension:largeBlob: true, webauthn:extension:minPinLength: true, webauthn:extension:prf: true, webauthn:virtualAuthenticators: true}
Session ID: 4c1037af144d42967b495234201b205b" type="org.openqa.selenium.WebDriverException">
      <![CDATA[org.openqa.selenium.WebDriverException: unknown error: net::ERR_NAME_NOT_RESOLVED
  (Session info: chrome=130.0.6723.92)
Build info: version: '4.24.0', revision: '748ffc9bc3'
System info: os.name: 'Windows 10', os.arch: 'amd64', os.version: '10.0', java.version: '22.0.1'
Driver info: org.openqa.selenium.chrome.ChromeDriver
Command: [4c1037af144d42967b495234201b205b, get {url=https://master.cleverground.com/#/login}]
Capabilities {acceptInsecureCerts: false, browserName: chrome, browserVersion: 130.0.6723.92, chrome: {chromedriverVersion: 130.0.6723.116 (6ac35f94ae3..., userDataDir: C:\Users\Asus\AppData\Local...}, fedcm:accounts: true, goog:chromeOptions: {debuggerAddress: localhost:51663}, networkConnectionEnabled: false, pageLoadStrategy: normal, platformName: windows, proxy: Proxy(), se:cdp: ws://localhost:51663/devtoo..., se:cdpVersion: 130.0.6723.92, setWindowRect: true, strictFileInteractability: false, timeouts: {implicit: 0, pageLoad: 300000, script: 30000}, unhandledPromptBehavior: dismiss and notify, webauthn:extension:credBlob: true, webauthn:extension:largeBlob: true, webauthn:extension:minPinLength: true, webauthn:extension:prf: true, webauthn:virtualAuthenticators: true}
Session ID: 4c1037af144d42967b495234201b205b
at java.base/jdk.internal.reflect.DirectConstructorHandleAccessor.newInstance(DirectConstructorHandleAccessor.java:62)
at java.base/java.lang.reflect.Constructor.newInstanceWithCaller(Constructor.java:502)
at java.base/java.lang.reflect.Constructor.newInstance(Constructor.java:486)
at org.openqa.selenium.remote.ErrorCodec.decode(ErrorCodec.java:167)
at org.openqa.selenium.remote.codec.w3c.W3CHttpResponseCodec.decode(W3CHttpResponseCodec.java:138)
at org.openqa.selenium.remote.codec.w3c.W3CHttpResponseCodec.decode(W3CHttpResponseCodec.java:50)
at org.openqa.selenium.remote.HttpCommandExecutor.execute(HttpCommandExecutor.java:190)
at org.openqa.selenium.remote.service.DriverCommandExecutor.invokeExecute(DriverCommandExecutor.java:216)
at org.openqa.selenium.remote.service.DriverCommandExecutor.execute(DriverCommandExecutor.java:174)
at org.openqa.selenium.remote.RemoteWebDriver.execute(RemoteWebDriver.java:545)
at org.openqa.selenium.remote.RemoteWebDriver.get(RemoteWebDriver.java:313)
at tests.AttendanceTest.setup(AttendanceTest.java:25)
at java.base/jdk.internal.reflect.DirectMethodHandleAccessor.invoke(DirectMethodHandleAccessor.java:103)
at java.base/java.lang.reflect.Method.invoke(Method.java:580)
at org.testng.internal.MethodInvocationHelper.invokeMethod(MethodInvocationHelper.java:133)
at org.testng.internal.MethodInvocationHelper.invokeMethodConsideringTimeout(MethodInvocationHelper.java:62)
at org.testng.internal.ConfigInvoker.invokeConfigurationMethod(ConfigInvoker.java:385)
at org.testng.internal.ConfigInvoker.invokeConfigurations(ConfigInvoker.java:321)
at org.testng.TestRunner.invokeTestConfigurations(TestRunner.java:637)
at org.testng.TestRunner.beforeRun(TestRunner.java:627)
at org.testng.TestRunner.run(TestRunner.java:589)
at org.testng.SuiteRunner.runTest(SuiteRunner.java:377)
at org.testng.SuiteRunner.runSequentially(SuiteRunner.java:371)
at org.testng.SuiteRunner.privateRun(SuiteRunner.java:332)
at org.testng.SuiteRunner.run(SuiteRunner.java:276)
at org.testng.SuiteRunnerWorker.runSuite(SuiteRunnerWorker.java:53)
at org.testng.SuiteRunnerWorker.run(SuiteRunnerWorker.java:96)
at org.testng.TestNG.runSuitesSequentially(TestNG.java:1212)
at org.testng.TestNG.runSuitesLocally(TestNG.java:1134)
at org.testng.TestNG.runSuites(TestNG.java:1063)
at org.testng.TestNG.run(TestNG.java:1031)
at org.testng.remote.AbstractRemoteTestNG.run(AbstractRemoteTestNG.java:115)
at org.testng.remote.RemoteTestNG.initAndRun(RemoteTestNG.java:293)
at org.testng.remote.RemoteTestNG.main(RemoteTestNG.java:91)
]]>
    </error>
  </testcase> <!-- setup -->
  <system-out/>
  <testcase classname="tests.AttendanceTest" name="SelectInstitute" time="0.000">
    <skipped/>
  </testcase> <!-- SelectInstitute -->
  <system-out/>
  <testcase classname="tests.AttendanceTest" name="ShowRoles" time="0.000">
    <skipped/>
  </testcase> <!-- ShowRoles -->
  <system-out/>
  <testcase classname="tests.AttendanceTest" name="SelectRoleAdministrator" time="0.000">
    <skipped/>
  </testcase> <!-- SelectRoleAdministrator -->
  <system-out/>
  <testcase classname="tests.AttendanceTest" name="SelectInstituteManagerModule" time="0.000">
    <skipped/>
  </testcase> <!-- SelectInstituteManagerModule -->
  <system-out/>
  <testcase classname="tests.AttendanceTest" name="ManageBatches" time="0.000">
    <skipped/>
  </testcase> <!-- ManageBatches -->
  <system-out/>
  <testcase classname="tests.AttendanceTest" name="SelectBatch" time="0.000">
    <skipped/>
  </testcase> <!-- SelectBatch -->
  <system-out/>
  <testcase classname="tests.AttendanceTest" name="RollNumbers" time="0.000">
    <skipped/>
  </testcase> <!-- RollNumbers -->
  <system-out/>
  <testcase classname="tests.AttendanceTest" name="EnableDisable" time="0.000">
    <skipped/>
  </testcase> <!-- EnableDisable -->
  <system-out/>
  <testcase classname="tests.AttendanceTest" name="EnableDisableOk1" time="0.000">
    <skipped/>
  </testcase> <!-- EnableDisableOk1 -->
  <system-out/>
  <testcase classname="tests.AttendanceTest" name="EnableDisableOk2" time="0.000">
    <skipped/>
  </testcase> <!-- EnableDisableOk2 -->
  <system-out/>
  <testcase classname="tests.AttendanceTest" name="ResetAllRollNo" time="0.000">
    <skipped/>
  </testcase> <!-- ResetAllRollNo -->
  <system-out/>
  <testcase classname="tests.AttendanceTest" name="RollNumberStartsFrom" time="0.000">
    <skipped/>
  </testcase> <!-- RollNumberStartsFrom -->
  <system-out/>
  <testcase classname="tests.AttendanceTest" name="RollNumberPrefix" time="0.000">
    <skipped/>
  </testcase> <!-- RollNumberPrefix -->
  <system-out/>
  <testcase classname="tests.AttendanceTest" name="ShowFormatType" time="0.000">
    <skipped/>
  </testcase> <!-- ShowFormatType -->
  <system-out/>
  <testcase classname="tests.AttendanceTest" name="SelectedFormatType" time="0.000">
    <skipped/>
  </testcase> <!-- SelectedFormatType -->
  <system-out/>
  <testcase classname="tests.AttendanceTest" name="Save" time="0.000">
    <skipped/>
  </testcase> <!-- Save -->
  <system-out/>
  <testcase classname="tests.AttendanceTest" name="Ok" time="0.000">
    <skipped/>
  </testcase> <!-- Ok -->
  <system-out/>
  <testcase classname="tests.AttendanceTest" name="StudentAttendenceManagement" time="0.000">
    <skipped/>
  </testcase> <!-- StudentAttendenceManagement -->
  <system-out/>
  <testcase classname="tests.AttendanceTest" name="Lectures" time="0.000">
    <skipped/>
  </testcase> <!-- Lectures -->
  <system-out/>
  <testcase classname="tests.AttendanceTest" name="DownloadReportsBtn" time="0.000">
    <skipped/>
  </testcase> <!-- DownloadReportsBtn -->
  <system-out/>
  <testcase classname="tests.AttendanceTest" name="BasicStartDate" time="0.000">
    <skipped/>
  </testcase> <!-- BasicStartDate -->
  <system-out/>
  <testcase classname="tests.AttendanceTest" name="SelectedStartDate" time="0.000">
    <skipped/>
  </testcase> <!-- SelectedStartDate -->
  <system-out/>
  <testcase classname="tests.AttendanceTest" name="BasicEndDate" time="0.000">
    <skipped/>
  </testcase> <!-- BasicEndDate -->
  <system-out/>
  <testcase classname="tests.AttendanceTest" name="SelectedEndDate" time="0.000">
    <skipped/>
  </testcase> <!-- SelectedEndDate -->
  <system-out/>
  <testcase classname="tests.AttendanceTest" name="Downloadcsv" time="0.000">
    <skipped/>
  </testcase> <!-- Downloadcsv -->
  <system-out/>
  <testcase classname="tests.AttendanceTest" name="View" time="0.000">
    <skipped/>
  </testcase> <!-- View -->
  <system-out/>
  <testcase classname="tests.AttendanceTest" name="ViewLectureReport" time="0.000">
    <skipped/>
  </testcase> <!-- ViewLectureReport -->
  <system-out/>
  <testcase classname="tests.AttendanceTest" name="CloseReport" time="0.000">
    <skipped/>
  </testcase> <!-- CloseReport -->
  <system-out/>
  <testcase classname="tests.AttendanceTest" name="TeachingPlan" time="0.000">
    <skipped/>
  </testcase> <!-- TeachingPlan -->
  <system-out/>
  <testcase classname="tests.AttendanceTest" name="CloseTeachingPlan" time="0.000">
    <skipped/>
  </testcase> <!-- CloseTeachingPlan -->
  <system-out/>
  <testcase classname="tests.AttendanceTest" name="GridAttendence" time="0.000">
    <skipped/>
  </testcase> <!-- GridAttendence -->
  <system-out/>
  <testcase classname="tests.AttendanceTest" name="SelectRollNo1" time="0.000">
    <skipped/>
  </testcase> <!-- SelectRollNo1 -->
  <system-out/>
  <testcase classname="tests.AttendanceTest" name="SelectRollNo2" time="0.000">
    <skipped/>
  </testcase> <!-- SelectRollNo2 -->
  <system-out/>
  <testcase classname="tests.AttendanceTest" name="CloseGridAttendence" time="0.000">
    <skipped/>
  </testcase> <!-- CloseGridAttendence -->
  <system-out/>
  <testcase classname="tests.AttendanceTest" name="MarkAllAs" time="0.000">
    <skipped/>
  </testcase> <!-- MarkAllAs -->
  <system-out/>
  <testcase classname="tests.AttendanceTest" name="AlphabeticalOrder" time="0.000">
    <skipped/>
  </testcase> <!-- AlphabeticalOrder -->
  <system-out/>
</testsuite> <!-- tests.AttendanceTest -->
